build/app/intermediates/manifest_merge_blame_file/release/manifest-merger-blame-release-report.txt
1<?xml version="1.0" encoding="utf-8"?>
2<manifest xmlns:android="http://schemas.android.com/apk/res/android"
3    package="com.fastworld.quranandsunnahapp"
4    android:versionCode="8"
5    android:versionName="0.8.0" >
6
7    <uses-sdk
8        android:minSdkVersion="20"
8-->src/main/AndroidManifest.xml
9        android:targetSdkVersion="30" />
9-->src/main/AndroidManifest.xml
10
11    <uses-permission android:name="android.permission.INTERNET" />
11-->src/main/AndroidManifest.xml:3:5-66
11-->src/main/AndroidManifest.xml:3:22-64
12    <uses-permission android:name="android.permission.VIBRATE" />
12-->src/main/AndroidManifest.xml:4:5-65
12-->src/main/AndroidManifest.xml:4:22-63
13    <uses-permission android:name="android.permission.RECEIVE_BOOT_COMPLETED" />
13-->src/main/AndroidManifest.xml:5:5-80
13-->src/main/AndroidManifest.xml:5:22-78
14    <uses-permission android:name="android.permission.ACCESS_FINE_LOCATION" />
14-->[:flutter_qiblah] AndroidManifest.xml:8:5-79
14-->[:flutter_qiblah] AndroidManifest.xml:8:22-76
15    <uses-permission android:name="android.permission.ACCESS_COARSE_LOCATION" />
15-->[:flutter_qiblah] AndroidManifest.xml:9:5-81
15-->[:flutter_qiblah] AndroidManifest.xml:9:22-78
16    <uses-permission android:name="android.permission.USE_FULL_SCREEN_INTENT" />
16-->[:flutter_local_notifications] AndroidManifest.xml:9:5-81
16-->[:flutter_local_notifications] AndroidManifest.xml:9:22-78
17    <uses-permission android:name="android.permission.ACCESS_NETWORK_STATE" />
17-->[com.google.android.gms:play-services-measurement-api:19.0.0] AndroidManifest.xml:23:5-79
17-->[com.google.android.gms:play-services-measurement-api:19.0.0] AndroidManifest.xml:23:22-76
18    <uses-permission android:name="android.permission.WAKE_LOCK" />
18-->[com.google.android.gms:play-services-measurement-api:19.0.0] AndroidManifest.xml:24:5-68
18-->[com.google.android.gms:play-services-measurement-api:19.0.0] AndroidManifest.xml:24:22-65
19
20    <uses-feature
20-->[com.google.android.gms:play-services-maps:17.0.0] AndroidManifest.xml:26:5-28:35
21        android:glEsVersion="0x00020000"
21-->[com.google.android.gms:play-services-maps:17.0.0] AndroidManifest.xml:27:9-41
22        android:required="true" /> <!-- Android package visibility setting -->
22-->[com.google.android.gms:play-services-maps:17.0.0] AndroidManifest.xml:28:9-32
23    <queries>
23-->[com.google.android.gms:play-services-ads-lite:20.1.0] AndroidManifest.xml:27:5-43:15
24
25        <!-- For browser content -->
26        <intent>
26-->[com.google.android.gms:play-services-ads-lite:20.1.0] AndroidManifest.xml:30:9-36:18
27            <action android:name="android.intent.action.VIEW" />
27-->[com.google.android.gms:play-services-ads-lite:20.1.0] AndroidManifest.xml:31:13-65
27-->[com.google.android.gms:play-services-ads-lite:20.1.0] AndroidManifest.xml:31:21-62
28
29            <category android:name="android.intent.category.BROWSABLE" />
29-->[com.google.android.gms:play-services-ads-lite:20.1.0] AndroidManifest.xml:33:13-74
29-->[com.google.android.gms:play-services-ads-lite:20.1.0] AndroidManifest.xml:33:23-71
30
31            <data android:scheme="https" />
31-->[com.google.android.gms:play-services-ads-lite:20.1.0] AndroidManifest.xml:35:13-44
31-->[com.google.android.gms:play-services-ads-lite:20.1.0] AndroidManifest.xml:35:19-41
32        </intent>
33        <!-- End of browser content -->
34        <!-- For CustomTabsService -->
35        <intent>
35-->[com.google.android.gms:play-services-ads-lite:20.1.0] AndroidManifest.xml:39:9-41:18
36            <action android:name="android.support.customtabs.action.CustomTabsService" />
36-->[com.google.android.gms:play-services-ads-lite:20.1.0] AndroidManifest.xml:40:13-90
36-->[com.google.android.gms:play-services-ads-lite:20.1.0] AndroidManifest.xml:40:21-87
37        </intent>
38        <!-- End of CustomTabsService -->
39    </queries>
40
41    <uses-permission android:name="com.google.android.finsky.permission.BIND_GET_INSTALL_REFERRER_SERVICE" />
41-->[com.google.android.gms:play-services-measurement:19.0.0] AndroidManifest.xml:26:5-110
41-->[com.google.android.gms:play-services-measurement:19.0.0] AndroidManifest.xml:26:22-107
42    <uses-permission android:name="android.permission.FOREGROUND_SERVICE" />
42-->[androidx.work:work-runtime:2.5.0] AndroidManifest.xml:28:5-77
42-->[androidx.work:work-runtime:2.5.0] AndroidManifest.xml:28:22-74
43
44    <application
44-->src/main/AndroidManifest.xml:8:4-48:19
45        android:name="androidx.multidex.MultiDexApplication"
46        android:appComponentFactory="androidx.core.app.CoreComponentFactory"
46-->[androidx.core:core:1.7.0-alpha01] AndroidManifest.xml:24:18-86
47        android:icon="@mipmap/ic_launcher"
47-->src/main/AndroidManifest.xml:10:9-43
48        android:label="القرآن والسنة" >
48-->src/main/AndroidManifest.xml:9:9-38
49        <receiver android:name="com.dexterous.flutterlocalnotifications.ScheduledNotificationBootReceiver" >
49-->src/main/AndroidManifest.xml:11:10-15:20
49-->src/main/AndroidManifest.xml:11:20-108
50            <intent-filter>
50-->src/main/AndroidManifest.xml:12:9-14:24
51                <action android:name="android.intent.action.BOOT_COMPLETED" />
51-->src/main/AndroidManifest.xml:13:9-70
51-->src/main/AndroidManifest.xml:13:17-68
52            </intent-filter>
53            <intent-filter>
53-->[:flutter_local_notifications] AndroidManifest.xml:14:13-19:29
54                <action android:name="android.intent.action.BOOT_COMPLETED" />
54-->src/main/AndroidManifest.xml:13:9-70
54-->src/main/AndroidManifest.xml:13:17-68
55                <action android:name="android.intent.action.MY_PACKAGE_REPLACED" />
55-->[:flutter_local_notifications] AndroidManifest.xml:16:17-84
55-->[:flutter_local_notifications] AndroidManifest.xml:16:25-81
56                <action android:name="android.intent.action.QUICKBOOT_POWERON" />
56-->[:flutter_local_notifications] AndroidManifest.xml:17:17-82
56-->[:flutter_local_notifications] AndroidManifest.xml:17:25-79
57                <action android:name="com.htc.intent.action.QUICKBOOT_POWERON" />
57-->[:flutter_local_notifications] AndroidManifest.xml:18:17-82
57-->[:flutter_local_notifications] AndroidManifest.xml:18:25-79
58            </intent-filter>
59        </receiver>
60        <receiver android:name="com.dexterous.flutterlocalnotifications.ScheduledNotificationReceiver" />
60-->src/main/AndroidManifest.xml:16:9-105
60-->src/main/AndroidManifest.xml:16:19-103
61
62        <activity
62-->src/main/AndroidManifest.xml:17:9-40:20
63            android:name="com.fastworld.quranandsunnahapp.MainActivity"
63-->src/main/AndroidManifest.xml:18:13-72
64            android:configChanges="orientation|keyboardHidden|keyboard|screenSize|smallestScreenSize|locale|layoutDirection|fontScale|screenLayout|density|uiMode"
64-->src/main/AndroidManifest.xml:21:13-163
65            android:hardwareAccelerated="true"
65-->src/main/AndroidManifest.xml:22:13-47
66            android:launchMode="singleTop"
66-->src/main/AndroidManifest.xml:19:13-43
67            android:showWhenLocked="true"
67-->src/main/AndroidManifest.xml:24:13-42
68            android:theme="@style/LaunchTheme"
68-->src/main/AndroidManifest.xml:20:13-47
69            android:turnScreenOn="true"
69-->src/main/AndroidManifest.xml:25:13-40
70            android:windowSoftInputMode="adjustResize" >
70-->src/main/AndroidManifest.xml:23:13-55
71            <meta-data
71-->src/main/AndroidManifest.xml:27:13-30:17
72                android:name="io.flutter.embedding.android.NormalTheme"
72-->src/main/AndroidManifest.xml:28:15-70
73                android:resource="@style/NormalTheme" />
73-->src/main/AndroidManifest.xml:29:15-52
74            <meta-data
74-->src/main/AndroidManifest.xml:32:13-35:17
75                android:name="io.flutter.embedding.android.SplashScreenDrawable"
75-->src/main/AndroidManifest.xml:33:15-79
76                android:resource="@drawable/launch_background" />
76-->src/main/AndroidManifest.xml:34:15-61
77
78            <intent-filter>
78-->src/main/AndroidManifest.xml:36:13-39:29
79                <action android:name="android.intent.action.MAIN" />
79-->src/main/AndroidManifest.xml:37:17-68
79-->src/main/AndroidManifest.xml:37:25-66
80
81                <category android:name="android.intent.category.LAUNCHER" />
81-->src/main/AndroidManifest.xml:38:17-76
81-->src/main/AndroidManifest.xml:38:27-74
82            </intent-filter>
83        </activity>
84
85        <meta-data
85-->src/main/AndroidManifest.xml:42:9-44:33
86            android:name="flutterEmbedding"
86-->src/main/AndroidManifest.xml:43:13-44
87            android:value="2" />
87-->src/main/AndroidManifest.xml:44:13-30
88        <meta-data
88-->src/main/AndroidManifest.xml:45:13-47:69
89            android:name="com.google.android.gms.ads.APPLICATION_ID"
89-->src/main/AndroidManifest.xml:46:13-69
90            android:value="ca-app-pub-4198859463987808~2074390926" />
90-->src/main/AndroidManifest.xml:47:13-67
91        <meta-data
91-->[:google_mobile_ads] AndroidManifest.xml:10:9-12:36
92            android:name="io.flutter.embedded_views_preview"
92-->[:google_mobile_ads] AndroidManifest.xml:11:13-61
93            android:value="true" />
93-->[:google_mobile_ads] AndroidManifest.xml:12:13-33
94
95        <activity
95-->[:url_launcher] AndroidManifest.xml:8:9-11:74
96            android:name="io.flutter.plugins.urllauncher.WebViewActivity"
96-->[:url_launcher] AndroidManifest.xml:9:13-74
97            android:exported="false"
97-->[:url_launcher] AndroidManifest.xml:10:13-37
98            android:theme="@android:style/Theme.NoTitleBar.Fullscreen" />
98-->[:url_launcher] AndroidManifest.xml:11:13-71
99
100        <provider
100-->[:share] AndroidManifest.xml:8:9-16:20
101            android:name="io.flutter.plugins.share.ShareFileProvider"
101-->[:share] AndroidManifest.xml:9:13-70
102            android:authorities="com.fastworld.quranandsunnahapp.flutter.share_provider"
102-->[:share] AndroidManifest.xml:10:13-74
103            android:exported="false"
103-->[:share] AndroidManifest.xml:11:13-37
104            android:grantUriPermissions="true" >
104-->[:share] AndroidManifest.xml:12:13-47
105            <meta-data
105-->[:share] AndroidManifest.xml:13:13-15:68
106                android:name="android.support.FILE_PROVIDER_PATHS"
106-->[:share] AndroidManifest.xml:14:17-67
107                android:resource="@xml/flutter_share_file_paths" />
107-->[:share] AndroidManifest.xml:15:17-65
108        </provider>
109
110        <service
110-->[com.google.firebase:firebase-analytics-ktx:19.0.0] AndroidManifest.xml:8:9-14:19
111            android:name="com.google.firebase.components.ComponentDiscoveryService"
111-->[com.google.firebase:firebase-analytics-ktx:19.0.0] AndroidManifest.xml:9:13-84
112            android:directBootAware="true"
112-->[com.google.firebase:firebase-common:20.0.0] AndroidManifest.xml:35:13-43
113            android:exported="false" >
113-->[com.google.firebase:firebase-analytics-ktx:19.0.0] AndroidManifest.xml:10:13-37
114            <meta-data
114-->[com.google.firebase:firebase-analytics-ktx:19.0.0] AndroidManifest.xml:11:13-13:85
115                android:name="com.google.firebase.components:com.google.firebase.analytics.ktx.FirebaseAnalyticsKtxRegistrar"
115-->[com.google.firebase:firebase-analytics-ktx:19.0.0] AndroidManifest.xml:12:17-126
116                android:value="com.google.firebase.components.ComponentRegistrar" />
116-->[com.google.firebase:firebase-analytics-ktx:19.0.0] AndroidManifest.xml:13:17-82
117            <meta-data
117-->[com.google.firebase:firebase-common-ktx:20.0.0] AndroidManifest.xml:15:13-17:85
118                android:name="com.google.firebase.components:com.google.firebase.ktx.FirebaseCommonKtxRegistrar"
118-->[com.google.firebase:firebase-common-ktx:20.0.0] AndroidManifest.xml:16:17-113
119                android:value="com.google.firebase.components.ComponentRegistrar" />
119-->[com.google.firebase:firebase-common-ktx:20.0.0] AndroidManifest.xml:17:17-82
120            <meta-data
120-->[com.google.android.gms:play-services-measurement-api:19.0.0] AndroidManifest.xml:30:13-32:85
121                android:name="com.google.firebase.components:com.google.firebase.analytics.connector.internal.AnalyticsConnectorRegistrar"
121-->[com.google.android.gms:play-services-measurement-api:19.0.0] AndroidManifest.xml:31:17-139
122                android:value="com.google.firebase.components.ComponentRegistrar" />
122-->[com.google.android.gms:play-services-measurement-api:19.0.0] AndroidManifest.xml:32:17-82
123            <meta-data
123-->[com.google.firebase:firebase-installations:17.0.0] AndroidManifest.xml:18:13-20:85
124                android:name="com.google.firebase.components:com.google.firebase.installations.FirebaseInstallationsRegistrar"
124-->[com.google.firebase:firebase-installations:17.0.0] AndroidManifest.xml:19:17-127
125                android:value="com.google.firebase.components.ComponentRegistrar" />
125-->[com.google.firebase:firebase-installations:17.0.0] AndroidManifest.xml:20:17-82
126        </service>
127
128        <provider
128-->[com.google.firebase:firebase-common:20.0.0] AndroidManifest.xml:26:9-31:39
129            android:name="com.google.firebase.provider.FirebaseInitProvider"
129-->[com.google.firebase:firebase-common:20.0.0] AndroidManifest.xml:27:13-77
130            android:authorities="com.fastworld.quranandsunnahapp.firebaseinitprovider"
130-->[com.google.firebase:firebase-common:20.0.0] AndroidManifest.xml:28:13-72
131            android:directBootAware="true"
131-->[com.google.firebase:firebase-common:20.0.0] AndroidManifest.xml:29:13-43
132            android:exported="false"
132-->[com.google.firebase:firebase-common:20.0.0] AndroidManifest.xml:30:13-37
133            android:initOrder="100" /> <!-- Needs to be explicitly declared on P+ -->
133-->[com.google.firebase:firebase-common:20.0.0] AndroidManifest.xml:31:13-36
134        <uses-library
134-->[com.google.android.gms:play-services-maps:17.0.0] AndroidManifest.xml:33:9-35:40
135            android:name="org.apache.http.legacy"
135-->[com.google.android.gms:play-services-maps:17.0.0] AndroidManifest.xml:34:13-50
136            android:required="false" /> <!-- Include the AdActivity and InAppPurchaseActivity configChanges and themes. -->
136-->[com.google.android.gms:play-services-maps:17.0.0] AndroidManifest.xml:35:13-37
137        <activity
137-->[com.google.android.gms:play-services-ads-lite:20.1.0] AndroidManifest.xml:48:9-52:64
138            android:name="com.google.android.gms.ads.AdActivity"
138-->[com.google.android.gms:play-services-ads-lite:20.1.0] AndroidManifest.xml:49:13-65
139            android:configChanges="keyboard|keyboardHidden|orientation|screenLayout|uiMode|screenSize|smallestScreenSize"
139-->[com.google.android.gms:play-services-ads-lite:20.1.0] AndroidManifest.xml:50:13-122
140            android:exported="false"
140-->[com.google.android.gms:play-services-ads-lite:20.1.0] AndroidManifest.xml:51:13-37
141            android:theme="@android:style/Theme.Translucent" />
141-->[com.google.android.gms:play-services-ads-lite:20.1.0] AndroidManifest.xml:52:13-61
142
143        <provider
143-->[com.google.android.gms:play-services-ads-lite:20.1.0] AndroidManifest.xml:54:9-58:39
144            android:name="com.google.android.gms.ads.MobileAdsInitProvider"
144-->[com.google.android.gms:play-services-ads-lite:20.1.0] AndroidManifest.xml:55:13-76
145            android:authorities="com.fastworld.quranandsunnahapp.mobileadsinitprovider"
145-->[com.google.android.gms:play-services-ads-lite:20.1.0] AndroidManifest.xml:56:13-73
146            android:exported="false"
146-->[com.google.android.gms:play-services-ads-lite:20.1.0] AndroidManifest.xml:57:13-37
147            android:initOrder="100" />
147-->[com.google.android.gms:play-services-ads-lite:20.1.0] AndroidManifest.xml:58:13-36
148
149        <service
149-->[com.google.android.gms:play-services-ads-lite:20.1.0] AndroidManifest.xml:60:9-63:40
150            android:name="com.google.android.gms.ads.AdService"
150-->[com.google.android.gms:play-services-ads-lite:20.1.0] AndroidManifest.xml:61:13-64
151            android:enabled="true"
151-->[com.google.android.gms:play-services-ads-lite:20.1.0] AndroidManifest.xml:62:13-35
152            android:exported="false" />
152-->[com.google.android.gms:play-services-ads-lite:20.1.0] AndroidManifest.xml:63:13-37
153
154        <receiver
154-->[com.google.android.gms:play-services-measurement:19.0.0] AndroidManifest.xml:29:9-33:20
155            android:name="com.google.android.gms.measurement.AppMeasurementReceiver"
155-->[com.google.android.gms:play-services-measurement:19.0.0] AndroidManifest.xml:30:13-85
156            android:enabled="true"
156-->[com.google.android.gms:play-services-measurement:19.0.0] AndroidManifest.xml:31:13-35
157            android:exported="false" >
157-->[com.google.android.gms:play-services-measurement:19.0.0] AndroidManifest.xml:32:13-37
158        </receiver>
159
160        <service
160-->[com.google.android.gms:play-services-measurement:19.0.0] AndroidManifest.xml:35:9-38:40
161            android:name="com.google.android.gms.measurement.AppMeasurementService"
161-->[com.google.android.gms:play-services-measurement:19.0.0] AndroidManifest.xml:36:13-84
162            android:enabled="true"
162-->[com.google.android.gms:play-services-measurement:19.0.0] AndroidManifest.xml:37:13-35
163            android:exported="false" />
163-->[com.google.android.gms:play-services-measurement:19.0.0] AndroidManifest.xml:38:13-37
164        <service
164-->[com.google.android.gms:play-services-measurement:19.0.0] AndroidManifest.xml:39:9-43:72
165            android:name="com.google.android.gms.measurement.AppMeasurementJobService"
165-->[com.google.android.gms:play-services-measurement:19.0.0] AndroidManifest.xml:40:13-87
166            android:enabled="true"
166-->[com.google.android.gms:play-services-measurement:19.0.0] AndroidManifest.xml:41:13-35
167            android:exported="false"
167-->[com.google.android.gms:play-services-measurement:19.0.0] AndroidManifest.xml:42:13-37
168            android:permission="android.permission.BIND_JOB_SERVICE" />
168-->[com.google.android.gms:play-services-measurement:19.0.0] AndroidManifest.xml:43:13-69
169
170        <activity
170-->[com.google.android.gms:play-services-base:17.0.0] AndroidManifest.xml:23:9-26:75
171            android:name="com.google.android.gms.common.api.GoogleApiActivity"
171-->[com.google.android.gms:play-services-base:17.0.0] AndroidManifest.xml:24:13-79
172            android:exported="false"
172-->[com.google.android.gms:play-services-base:17.0.0] AndroidManifest.xml:25:13-37
173            android:theme="@android:style/Theme.Translucent.NoTitleBar" />
173-->[com.google.android.gms:play-services-base:17.0.0] AndroidManifest.xml:26:13-72
174
175        <meta-data
175-->[com.google.android.gms:play-services-basement:17.6.0] AndroidManifest.xml:23:9-25:69
176            android:name="com.google.android.gms.version"
176-->[com.google.android.gms:play-services-basement:17.6.0] AndroidManifest.xml:24:13-58
177            android:value="@integer/google_play_services_version" />
177-->[com.google.android.gms:play-services-basement:17.6.0] AndroidManifest.xml:25:13-66
178
179        <provider
179-->[androidx.work:work-runtime:2.5.0] AndroidManifest.xml:31:9-37:35
180            android:name="androidx.work.impl.WorkManagerInitializer"
180-->[androidx.work:work-runtime:2.5.0] AndroidManifest.xml:32:13-69
181            android:authorities="com.fastworld.quranandsunnahapp.workmanager-init"
181-->[androidx.work:work-runtime:2.5.0] AndroidManifest.xml:33:13-68
182            android:directBootAware="false"
182-->[androidx.work:work-runtime:2.5.0] AndroidManifest.xml:34:13-44
183            android:exported="false"
183-->[androidx.work:work-runtime:2.5.0] AndroidManifest.xml:35:13-37
184            android:multiprocess="true" />
184-->[androidx.work:work-runtime:2.5.0] AndroidManifest.xml:36:13-40
185
186        <service
186-->[androidx.work:work-runtime:2.5.0] AndroidManifest.xml:39:9-44:35
187            android:name="androidx.work.impl.background.systemalarm.SystemAlarmService"
187-->[androidx.work:work-runtime:2.5.0] AndroidManifest.xml:40:13-88
188            android:directBootAware="false"
188-->[androidx.work:work-runtime:2.5.0] AndroidManifest.xml:41:13-44
189            android:enabled="@bool/enable_system_alarm_service_default"
189-->[androidx.work:work-runtime:2.5.0] AndroidManifest.xml:42:13-72
190            android:exported="false" />
190-->[androidx.work:work-runtime:2.5.0] AndroidManifest.xml:43:13-37
191        <service
191-->[androidx.work:work-runtime:2.5.0] AndroidManifest.xml:45:9-51:35
192            android:name="androidx.work.impl.background.systemjob.SystemJobService"
192-->[androidx.work:work-runtime:2.5.0] AndroidManifest.xml:46:13-84
193            android:directBootAware="false"
193-->[androidx.work:work-runtime:2.5.0] AndroidManifest.xml:47:13-44
194            android:enabled="@bool/enable_system_job_service_default"
194-->[androidx.work:work-runtime:2.5.0] AndroidManifest.xml:48:13-70
195            android:exported="true"
195-->[androidx.work:work-runtime:2.5.0] AndroidManifest.xml:49:13-36
196            android:permission="android.permission.BIND_JOB_SERVICE" />
196-->[androidx.work:work-runtime:2.5.0] AndroidManifest.xml:50:13-69
197        <service
197-->[androidx.work:work-runtime:2.5.0] AndroidManifest.xml:52:9-57:35
198            android:name="androidx.work.impl.foreground.SystemForegroundService"
198-->[androidx.work:work-runtime:2.5.0] AndroidManifest.xml:53:13-81
199            android:directBootAware="false"
199-->[androidx.work:work-runtime:2.5.0] AndroidManifest.xml:54:13-44
200            android:enabled="@bool/enable_system_foreground_service_default"
200-->[androidx.work:work-runtime:2.5.0] AndroidManifest.xml:55:13-77
201            android:exported="false" />
201-->[androidx.work:work-runtime:2.5.0] AndroidManifest.xml:56:13-37
202
203        <receiver
203-->[androidx.work:work-runtime:2.5.0] AndroidManifest.xml:59:9-64:35
204            android:name="androidx.work.impl.utils.ForceStopRunnable$BroadcastReceiver"
204-->[androidx.work:work-runtime:2.5.0] AndroidManifest.xml:60:13-88
205            android:directBootAware="false"
205-->[androidx.work:work-runtime:2.5.0] AndroidManifest.xml:61:13-44
206            android:enabled="true"
206-->[androidx.work:work-runtime:2.5.0] AndroidManifest.xml:62:13-35
207            android:exported="false" />
207-->[androidx.work:work-runtime:2.5.0] AndroidManifest.xml:63:13-37
208        <receiver
208-->[androidx.work:work-runtime:2.5.0] AndroidManifest.xml:65:9-75:20
209            android:name="androidx.work.impl.background.systemalarm.ConstraintProxy$BatteryChargingProxy"
209-->[androidx.work:work-runtime:2.5.0] AndroidManifest.xml:66:13-106
210            android:directBootAware="false"
210-->[androidx.work:work-runtime:2.5.0] AndroidManifest.xml:67:13-44
211            android:enabled="false"
211-->[androidx.work:work-runtime:2.5.0] AndroidManifest.xml:68:13-36
212            android:exported="false" >
212-->[androidx.work:work-runtime:2.5.0] AndroidManifest.xml:69:13-37
213            <intent-filter>
213-->[androidx.work:work-runtime:2.5.0] AndroidManifest.xml:71:13-74:29
214                <action android:name="android.intent.action.ACTION_POWER_CONNECTED" />
214-->[androidx.work:work-runtime:2.5.0] AndroidManifest.xml:72:17-87
214-->[androidx.work:work-runtime:2.5.0] AndroidManifest.xml:72:25-84
215                <action android:name="android.intent.action.ACTION_POWER_DISCONNECTED" />
215-->[androidx.work:work-runtime:2.5.0] AndroidManifest.xml:73:17-90
215-->[androidx.work:work-runtime:2.5.0] AndroidManifest.xml:73:25-87
216            </intent-filter>
217        </receiver>
218        <receiver
218-->[androidx.work:work-runtime:2.5.0] AndroidManifest.xml:76:9-86:20
219            android:name="androidx.work.impl.background.systemalarm.ConstraintProxy$BatteryNotLowProxy"
219-->[androidx.work:work-runtime:2.5.0] AndroidManifest.xml:77:13-104
220            android:directBootAware="false"
220-->[androidx.work:work-runtime:2.5.0] AndroidManifest.xml:78:13-44
221            android:enabled="false"
221-->[androidx.work:work-runtime:2.5.0] AndroidManifest.xml:79:13-36
222            android:exported="false" >
222-->[androidx.work:work-runtime:2.5.0] AndroidManifest.xml:80:13-37
223            <intent-filter>
223-->[androidx.work:work-runtime:2.5.0] AndroidManifest.xml:82:13-85:29
224                <action android:name="android.intent.action.BATTERY_OKAY" />
224-->[androidx.work:work-runtime:2.5.0] AndroidManifest.xml:83:17-77
224-->[androidx.work:work-runtime:2.5.0] AndroidManifest.xml:83:25-74
225                <action android:name="android.intent.action.BATTERY_LOW" />
225-->[androidx.work:work-runtime:2.5.0] AndroidManifest.xml:84:17-76
225-->[androidx.work:work-runtime:2.5.0] AndroidManifest.xml:84:25-73
226            </intent-filter>
227        </receiver>
228        <receiver
228-->[androidx.work:work-runtime:2.5.0] AndroidManifest.xml:87:9-97:20
229            android:name="androidx.work.impl.background.systemalarm.ConstraintProxy$StorageNotLowProxy"
229-->[androidx.work:work-runtime:2.5.0] AndroidManifest.xml:88:13-104
230            android:directBootAware="false"
230-->[androidx.work:work-runtime:2.5.0] AndroidManifest.xml:89:13-44
231            android:enabled="false"
231-->[androidx.work:work-runtime:2.5.0] AndroidManifest.xml:90:13-36
232            android:exported="false" >
232-->[androidx.work:work-runtime:2.5.0] AndroidManifest.xml:91:13-37
233            <intent-filter>
233-->[androidx.work:work-runtime:2.5.0] AndroidManifest.xml:93:13-96:29
234                <action android:name="android.intent.action.DEVICE_STORAGE_LOW" />
234-->[androidx.work:work-runtime:2.5.0] AndroidManifest.xml:94:17-83
234-->[androidx.work:work-runtime:2.5.0] AndroidManifest.xml:94:25-80
235                <action android:name="android.intent.action.DEVICE_STORAGE_OK" />
235-->[androidx.work:work-runtime:2.5.0] AndroidManifest.xml:95:17-82
235-->[androidx.work:work-runtime:2.5.0] AndroidManifest.xml:95:25-79
236            </intent-filter>
237        </receiver>
238        <receiver
238-->[androidx.work:work-runtime:2.5.0] AndroidManifest.xml:98:9-107:20
239            android:name="androidx.work.impl.background.systemalarm.ConstraintProxy$NetworkStateProxy"
239-->[androidx.work:work-runtime:2.5.0] AndroidManifest.xml:99:13-103
240            android:directBootAware="false"
240-->[androidx.work:work-runtime:2.5.0] AndroidManifest.xml:100:13-44
241            android:enabled="false"
241-->[androidx.work:work-runtime:2.5.0] AndroidManifest.xml:101:13-36
242            android:exported="false" >
242-->[androidx.work:work-runtime:2.5.0] AndroidManifest.xml:102:13-37
243            <intent-filter>
243-->[androidx.work:work-runtime:2.5.0] AndroidManifest.xml:104:13-106:29
244                <action android:name="android.net.conn.CONNECTIVITY_CHANGE" />
244-->[androidx.work:work-runtime:2.5.0] AndroidManifest.xml:105:17-79
244-->[androidx.work:work-runtime:2.5.0] AndroidManifest.xml:105:25-76
245            </intent-filter>
246        </receiver>
247        <receiver
247-->[androidx.work:work-runtime:2.5.0] AndroidManifest.xml:108:9-119:20
248            android:name="androidx.work.impl.background.systemalarm.RescheduleReceiver"
248-->[androidx.work:work-runtime:2.5.0] AndroidManifest.xml:109:13-88
249            android:directBootAware="false"
249-->[androidx.work:work-runtime:2.5.0] AndroidManifest.xml:110:13-44
250            android:enabled="false"
250-->[androidx.work:work-runtime:2.5.0] AndroidManifest.xml:111:13-36
251            android:exported="false" >
251-->[androidx.work:work-runtime:2.5.0] AndroidManifest.xml:112:13-37
252            <intent-filter>
252-->[androidx.work:work-runtime:2.5.0] AndroidManifest.xml:114:13-118:29
253                <action android:name="android.intent.action.BOOT_COMPLETED" />
253-->src/main/AndroidManifest.xml:13:9-70
253-->src/main/AndroidManifest.xml:13:17-68
254                <action android:name="android.intent.action.TIME_SET" />
254-->[androidx.work:work-runtime:2.5.0] AndroidManifest.xml:116:17-73
254-->[androidx.work:work-runtime:2.5.0] AndroidManifest.xml:116:25-70
255                <action android:name="android.intent.action.TIMEZONE_CHANGED" />
255-->[androidx.work:work-runtime:2.5.0] AndroidManifest.xml:117:17-81
255-->[androidx.work:work-runtime:2.5.0] AndroidManifest.xml:117:25-78
256            </intent-filter>
257        </receiver>
258        <receiver
258-->[androidx.work:work-runtime:2.5.0] AndroidManifest.xml:120:9-129:20
259            android:name="androidx.work.impl.background.systemalarm.ConstraintProxyUpdateReceiver"
259-->[androidx.work:work-runtime:2.5.0] AndroidManifest.xml:121:13-99
260            android:directBootAware="false"
260-->[androidx.work:work-runtime:2.5.0] AndroidManifest.xml:122:13-44
261            android:enabled="@bool/enable_system_alarm_service_default"
261-->[androidx.work:work-runtime:2.5.0] AndroidManifest.xml:123:13-72
262            android:exported="false" >
262-->[androidx.work:work-runtime:2.5.0] AndroidManifest.xml:124:13-37
263            <intent-filter>
263-->[androidx.work:work-runtime:2.5.0] AndroidManifest.xml:126:13-128:29
264                <action android:name="androidx.work.impl.background.systemalarm.UpdateProxies" />
264-->[androidx.work:work-runtime:2.5.0] AndroidManifest.xml:127:17-98
264-->[androidx.work:work-runtime:2.5.0] AndroidManifest.xml:127:25-95
265            </intent-filter>
266        </receiver>
267        <receiver
267-->[androidx.work:work-runtime:2.5.0] AndroidManifest.xml:130:9-140:20